<?xml version="1.0" encoding="UTF-8"?>
<!-- Generated by org.testng.reporters.JUnitXMLReporter -->
<testsuite hostname="DESKTOP-UQ5ATUK" ignored="0" name="Test" tests="5" failures="0" timestamp="31 Mar 2019 22:38:38 GMT" time="0.084" errors="0">
  <testcase name="deleteTwitter" time="0.012" classname="TestCases.RestAPITest"/>
  <testcase name="postJira" time="0.0" classname="TestCases.RestAPITest"/>
  <testcase name="MobileTesting" time="0.0" classname="TestCases.AppiumTest"/>
  <testcase name="BrowserAutomation" time="0.0" classname="TestCases.SeleniumTest"/>
  <testcase name="elementsUI" time="0.0" classname="TestCases.SeleniumTest"/>
</testsuite> <!-- Test -->
